<?xml version="1.0" encoding="UTF-8"?>
<testsuite xmlns:xsi="http://www.w3.org/2001/XMLSchema-instance" xsi:noNamespaceSchemaLocation="https://maven.apache.org/surefire/maven-surefire-plugin/xsd/surefire-test-report-3.0.xsd" version="3.0" name="com.lottery.system.TicketServiceTest" time="0.048" tests="7" errors="3" skipped="0" failures="0">
  <properties>
[...]
</properties>
  <testcase name="testCreateTicket" classname="com.lottery.system.TicketServiceTest" time="0.02">
    <error message="Cannot invoke &quot;java.util.List.size()&quot; because the return value of &quot;com.lottery.system.model.Ticket.getLines()&quot; is null" type="java.lang.NullPointerException"><![CDATA[java.lang.NullPointerException: Cannot invoke "java.util.List.size()" because the return value of "com.lottery.system.model.Ticket.getLines()" is null
	at com.lottery.system.TicketServiceTest.testCreateTicket(TicketServiceTest.java:41)
	at java.base/java.lang.reflect.Method.invoke(Method.java:569)
	at java.base/java.util.ArrayList.forEach(ArrayList.java:1511)
	at java.base/java.util.ArrayList.forEach(ArrayList.java:1511)
]]></error>
  </testcase>
  <testcase name="testAmendTicket" classname="com.lottery.system.TicketServiceTest" time="0.0">
    <error message="Cannot invoke &quot;java.util.List.addAll(java.util.Collection)&quot; because the return value of &quot;com.lottery.system.model.Ticket.getLines()&quot; is null" type="java.lang.NullPointerException"><![CDATA[java.lang.NullPointerException: Cannot invoke "java.util.List.addAll(java.util.Collection)" because the return value of "com.lottery.system.model.Ticket.getLines()" is null
	at com.lottery.system.service.TicketService.amendTicket(TicketService.java:43)
	at com.lottery.system.TicketServiceTest.testAmendTicket(TicketServiceTest.java:81)
	at java.base/java.lang.reflect.Method.invoke(Method.java:569)
	at java.base/java.util.ArrayList.forEach(ArrayList.java:1511)
	at java.base/java.util.ArrayList.forEach(ArrayList.java:1511)
]]></error>
  </testcase>
  <testcase name="testGetTicketNotFound" classname="com.lottery.system.TicketServiceTest" time="0.012"/>
  <testcase name="testCheckStatus" classname="com.lottery.system.TicketServiceTest" time="0.016">
    <error message="Cannot invoke &quot;java.util.List.sort(java.util.Comparator)&quot; because the return value of &quot;com.lottery.system.model.Ticket.getLines()&quot; is null" type="java.lang.NullPointerException"><![CDATA[java.lang.NullPointerException: Cannot invoke "java.util.List.sort(java.util.Comparator)" because the return value of "com.lottery.system.model.Ticket.getLines()" is null
	at com.lottery.system.service.TicketService.checkStatus(TicketService.java:50)
	at com.lottery.system.TicketServiceTest.testCheckStatus(TicketServiceTest.java:104)
	at java.base/java.lang.reflect.Method.invoke(Method.java:569)
	at java.base/java.util.ArrayList.forEach(ArrayList.java:1511)
	at java.base/java.util.ArrayList.forEach(ArrayList.java:1511)
]]></error>
  </testcase>
  <testcase name="testAmendTicketStatusChecked" classname="com.lottery.system.TicketServiceTest" time="0.0"/>
  <testcase name="testGetTicket" classname="com.lottery.system.TicketServiceTest" time="0.0"/>
  <testcase name="testGetAllTickets" classname="com.lottery.system.TicketServiceTest" time="0.0"/>
</testsuite>